Arguments: 
  C:\Program Files\nodejs\node.exe C:\Users\arnold.mercado\AppData\Roaming\npm\node_modules\yarn\bin\yarn.js run watch

PATH: 
  C:\Users\arnold.mercado\AppData\Local\Google\Chrome SxS\Application;C:\crystal\product\11.2.0\client;C:\crystal\product\11.2.0\client\bin;C:\app\arnold.mercado\product\11.2.0\client_2\bin;C:\app\arnold.mercado\product\11.2.0\client_1;C:\Windows\system32;C:\Windows;C:\Windows\System32\Wbem;C:\Windows\System32\WindowsPowerShell\v1.0\;C:\Program Files\Microsoft SQL Server\130\Tools\Binn\;C:\Program Files\Git\cmd;C:\Program Files\dotnet\;C:\Program Files\Heroku\bin\;C:\xampp7\php\;C:\Program Files (x86)\Microsoft SQL Server\110\Tools\Binn\;C:\Program Files\Microsoft SQL Server\110\Tools\Binn\;C:\Program Files\Microsoft SQL Server\110\DTS\Binn\;C:\Program Files (x86)\Microsoft SQL Server\110\Tools\Binn\ManagementStudio\;C:\Program Files (x86)\Microsoft SQL Server\110\DTS\Binn\;C:\Users\arnold.mercado\AppData\Roaming\Composer\vendor\bin;C:\Users\arnold.mercado\AppData\Roaming\Composer\vendor\composer\;C:\Windows\System32\WindowsPowerShell\v1.0\;C:\ProgramData\chocolatey\bin;C:\Program Files\Java\jdk1.8.0_144\bin;C:\Android\android-sdk\tools;C:\Android\android-sdk\platform-tools;C:\Program Files\MongoDB\Server\3.6\bin;C:\Program Files\nodejs\;;C:\Program Files (x86)\Microsoft VS Code\bin;C:\Program Files\Heroku\bin;C:\Users\arnold.mercado\AppData\Roaming\npm

Yarn version: 
  1.5.1

Node version: 
  9.4.0

Platform: 
  win32 x64

npm manifest: 
  No manifest

yarn manifest: 
  No manifest

Lockfile: 
  No lockfile

Trace: 
  Error: Couldn't find a package.json file in "C:\\xampp\\htdocs\\experiment"
      at new MessageError (C:\Users\arnold.mercado\AppData\Roaming\npm\node_modules\yarn\lib\cli.js:186:110)
      at C:\Users\arnold.mercado\AppData\Roaming\npm\node_modules\yarn\lib\cli.js:40048:15
      at Generator.next (<anonymous>)
      at step (C:\Users\arnold.mercado\AppData\Roaming\npm\node_modules\yarn\lib\cli.js:98:30)
      at C:\Users\arnold.mercado\AppData\Roaming\npm\node_modules\yarn\lib\cli.js:109:13
      at <anonymous>
